Added Component: Designator=C1(CAP100RP)
Added Component: Designator=D1(MUR840)
Added Component: Designator=D2(MUR840)
Added Component: Designator=D3(MUR840)
Add Component: Footprint Not Found Header 8pin
Added Component: Designator=J2(CON_MOLEX_2_vias)
Added Component: Designator=J3(CON_MOLEX_2_vias)
Added Component: Designator=J4(Borne_KRE_2pin)
Added Component: Designator=L1(Indutor)
Added Component: Designator=Q1(IRF430)
Added Component: Designator=TRAFO(Trafo_NEE_30/14)
Added Pin To Net: NetName=12V5 Pin=C1-1
Added Pin To Net: NetName=12V5 Pin=J4-2
Added Pin To Net: NetName=12V5 Pin=L1-2
Added Net: Name=12V5
Added Pin To Net: NetName=100V Pin=J3-1
Added Pin To Net: NetName=100V Pin=TRAFO-P1
Added Pin To Net: NetName=100V Pin=TRAFO-S2
Added Net: Name=100V
Added Pin To Net: NetName=GATE Pin=Q1-1
Added Net: Name=GATE
Added Pin To Net: NetName=GND_P Pin=D3-1
Added Pin To Net: NetName=GND_P Pin=J3-2
Added Pin To Net: NetName=GND_P Pin=Q1-3
Added Net: Name=GND_P
Added Pin To Net: NetName=GND_S Pin=C1-2
Added Pin To Net: NetName=GND_S Pin=D2-1
Added Pin To Net: NetName=GND_S Pin=J4-1
Added Pin To Net: NetName=GND_S Pin=TRAFO-S2
Added Net: Name=GND_S
Added Pin To Net: NetName=GND Pin=J2-2
Added Net: Name=GND
Added Pin To Net: NetName=NetD1_1 Pin=D1-1
Added Pin To Net: NetName=NetD1_1 Pin=TRAFO-S1
Added Net: Name=NetD1_1
Added Pin To Net: NetName=NetD1_2 Pin=L1-1
Added Net: Name=NetD1_2
Added Pin To Net: NetName=NetD3_2 Pin=TRAFO-T1
Added Net: Name=NetD3_2
Added Pin To Net: NetName=NetQ1_2 Pin=Q1-2
Added Pin To Net: NetName=NetQ1_2 Pin=TRAFO-P2
Added Net: Name=NetQ1_2
Added Pin To Net: NetName=VIN_COMANDO Pin=J2-1
Added Net: Name=VIN_COMANDO
Added Class: Name=Forward
