Removed Pin From Net: NetName=NetD1_1 Pin=TRAFO-S1
Added Component: Designator=C1(Capacitor)
Added Component: Designator=D1(MUR840)
Added Component: Designator=D2(MUR840)
Added Component: Designator=D3(MUR840)
Add Component: Footprint Not Found IRF430
Added Pin To Net: NetName=12V5 Pin=C1-1
Added Pin To Net: NetName=GND_S Pin=C1-2
Added Pin To Net: NetName=NetD1_1 Pin=D1-1
Added Pin To Net: NetName=NetD1_1 Pin=D2-1
Added Pin To Net: NetName=GND_S Pin=D2-3
Added Pin To Net: NetName=GND_P Pin=D3-3
Added Pin To Net: NetName=NetD1_1 Pin=L1-1
Add Pin To Net: Unknown Pin: Pin Q1-1
Add Pin To Net: Unknown Pin: Pin Q1-2
Add Pin To Net: Unknown Pin: Pin Q1-3
Added Pin To Net: NetName=100V Pin=TRAFO-S2
Added Pin To Net: NetName=NetD1_3 Pin=D1-3
Added Pin To Net: NetName=NetD1_3 Pin=TRAFO-S1
Added Net: Name=NetD1_3
Added Pin To Net: NetName=NetD3_1 Pin=D3-1
Added Pin To Net: NetName=NetD3_1 Pin=TRAFO-T1
Added Net: Name=NetD3_1
Added Member To Class: ClassName=Forward Member=Component C1 4.7uF
Added Member To Class: ClassName=Forward Member=Component D1
Added Member To Class: ClassName=Forward Member=Component D2
Added Member To Class: ClassName=Forward Member=Component D3
Add Class Member: Failed to add class member : Component Q1 IRF740
